0 info it worked if it ends with ok
1 verbose cli [ 'node', '/usr/local/bin/npm', 'install', 'JadeRuble' ]
2 info using npm@1.1.49
3 info using node@v0.8.7
4 verbose read json /Users/raipe/Sites/feeder/package.json
5 verbose read json /Users/raipe/Sites/feeder/node_modules/express/package.json
6 verbose read json /Users/raipe/Sites/feeder/node_modules/jade/package.json
7 verbose from cache /Users/raipe/Sites/feeder/package.json
8 verbose readDependencies using package.json deps
9 verbose cache add [ 'JadeRuble', null ]
10 silly cache add name=undefined spec="JadeRuble" args=["JadeRuble",null]
11 verbose parsed url { pathname: 'JadeRuble', path: 'JadeRuble', href: 'JadeRuble' }
12 silly lockFile 0401d769-JadeRuble JadeRuble
13 verbose lock JadeRuble /Users/raipe/.npm/0401d769-JadeRuble.lock
14 silly lockFile 0401d769-JadeRuble JadeRuble
15 verbose addNamed [ 'JadeRuble', '' ]
16 verbose addNamed [ null, '' ]
17 silly lockFile 78910581-JadeRuble JadeRuble@
18 verbose lock JadeRuble@ /Users/raipe/.npm/78910581-JadeRuble.lock
19 silly addNameRange { name: 'JadeRuble', range: '', hasData: false }
20 verbose url raw JadeRuble
21 verbose url resolving [ 'https://registry.npmjs.org/', './JadeRuble' ]
22 verbose url resolved https://registry.npmjs.org/JadeRuble
23 info retry registry request attempt 1 at 23:39:08
24 http GET https://registry.npmjs.org/JadeRuble
25 http 404 https://registry.npmjs.org/JadeRuble
26 silly registry.get cb [ 404,
26 silly registry.get   { server: 'CouchDB/1.2.0 (Erlang OTP/R15B)',
26 silly registry.get     date: 'Tue, 21 Aug 2012 20:39:09 GMT',
26 silly registry.get     'content-type': 'application/json',
26 silly registry.get     'content-length': '52',
26 silly registry.get     'cache-control': 'must-revalidate' } ]
27 silly lockFile 78910581-JadeRuble JadeRuble@
28 error 404 'JadeRuble' is not in the npm registry.
28 error 404 You should bug the author to publish it
28 error 404
28 error 404 Note that you can also install from a
28 error 404 tarball, folder, or http url, or git url.
29 error System Darwin 12.0.0
30 error command "node" "/usr/local/bin/npm" "install" "JadeRuble"
31 error cwd /Users/raipe/Sites/feeder
32 error node -v v0.8.7
33 error npm -v 1.1.49
34 error code E404
35 verbose exit [ 1, true ]
